<?xml version="1.0" encoding="UTF-8"?>
<!-- Generated by org.testng.reporters.JUnitXMLReporter -->
<testsuite ignored="0" hostname="DESKTOP-6JOMMLI" failures="0" tests="6" name="Default test" time="55.706" errors="0" timestamp="2024-06-16T19:57:50 IST">
  <testcase classname="com.ecommerce.dawnTheme.plpTest" name="collectionHeading" time="5.236"/>
  <testcase classname="com.ecommerce.dawnTheme.plpTest" name="selectProduct" time="0.481"/>
  <testcase classname="com.ecommerce.dawnTheme.plpTest" name="availabilityDropdownFunctionality" time="17.006"/>
  <testcase classname="com.ecommerce.dawnTheme.plpTest" name="colorDropdownFunctionality" time="6.268"/>
  <testcase classname="com.ecommerce.dawnTheme.plpTest" name="sortbyFunctionality" time="3.699"/>
  <testcase classname="com.ecommerce.dawnTheme.plpTest" name="priceFIlterFunctionality" time="10.081"/>
</testsuite> <!-- Default test -->
